<?xml version="1.0" encoding="UTF-8"?>
<testng-results ignored="0" total="2" passed="2" failed="0" skipped="0">
  <reporter-output>
  </reporter-output>
  <suite started-at="2021-06-21T13:51:25 IST" name="Default suite" finished-at="2021-06-21T13:51:25 IST" duration-ms="62">
    <groups>
    </groups>
    <test started-at="2021-06-21T13:51:25 IST" name="Default test" finished-at="2021-06-21T13:51:25 IST" duration-ms="62">
      <class name="TestNG.Screenshot">
        <test-method is-config="true" signature="beforeTest()[pri:0, instance:TestNG.Screenshot@fa49800]" started-at="2021-06-21T13:51:25 IST" name="beforeTest" finished-at="2021-06-21T13:51:25 IST" duration-ms="8" status="PASS">
          <reporter-output>
          </reporter-output>
        </test-method> <!-- beforeTest -->
        <test-method signature="f(java.lang.Integer,java.lang.String)[pri:0, instance:TestNG.Screenshot@fa49800]" started-at="2021-06-21T13:51:25 IST" name="f" data-provider="dp" finished-at="2021-06-21T13:51:25 IST" duration-ms="5" status="PASS">
          <params>
            <param index="0">
              <value>
                <![CDATA[1]]>
              </value>
            </param>
            <param index="1">
              <value>
                <![CDATA[a]]>
              </value>
            </param>
          </params>
          <reporter-output>
          </reporter-output>
        </test-method> <!-- f -->
        <test-method signature="f(java.lang.Integer,java.lang.String)[pri:0, instance:TestNG.Screenshot@fa49800]" started-at="2021-06-21T13:51:25 IST" name="f" data-provider="dp" finished-at="2021-06-21T13:51:25 IST" duration-ms="2" status="PASS">
          <params>
            <param index="0">
              <value>
                <![CDATA[2]]>
              </value>
            </param>
            <param index="1">
              <value>
                <![CDATA[b]]>
              </value>
            </param>
          </params>
          <reporter-output>
          </reporter-output>
        </test-method> <!-- f -->
        <test-method is-config="true" signature="afterTest()[pri:0, instance:TestNG.Screenshot@fa49800]" started-at="2021-06-21T13:51:25 IST" name="afterTest" finished-at="2021-06-21T13:51:25 IST" duration-ms="0" status="PASS">
          <reporter-output>
          </reporter-output>
        </test-method> <!-- afterTest -->
      </class> <!-- TestNG.Screenshot -->
    </test> <!-- Default test -->
  </suite> <!-- Default suite -->
</testng-results>
