<?xml version="1.0" encoding="UTF-8"?>
<!-- Generated by org.testng.reporters.JUnitXMLReporter -->
<testsuite ignored="20" hostname="LAPTOP-A1GHL1JJ" failures="0" tests="11" name="Test" time="147.122" errors="0" timestamp="2021-06-24T17:46:59 IST">
  <testcase classname="pages.logintestcase" name="Login" time="5.375"/>
  <testcase classname="pages.Admintest" name="Login" time="3.732"/>
  <testcase classname="pages.usertest" name="Login" time="7.23"/>
  <testcase classname="pages.jobtitletestcase" name="Login" time="8.6"/>
  <testcase classname="pages.paygradetest" name="Login" time="8.141"/>
  <testcase classname="pages.employtest" name="Login" time="8.538"/>
  <testcase classname="pages.categoriestest" name="Login" time="6.672"/>
  <testcase classname="pages.workshiftest" name="Login" time="7.601"/>
  <testcase classname="pages.organizationtest" name="Login" time="17.617"/>
  <testcase classname="pages.structuretest" name="Login" time="28.669"/>
  <testcase classname="pages.quantificationtest" name="Login" time="18.032"/>
  <testcase classname="pages.browserfactory" name="@BeforeTest setup" time="0.0">
    <ignored/>
  </testcase> <!-- @BeforeTest setup -->
  <testcase classname="pages.browserfactory" name="@BeforeTest setup" time="0.0">
    <ignored/>
  </testcase> <!-- @BeforeTest setup -->
  <testcase classname="pages.browserfactory" name="@BeforeTest setup" time="0.0">
    <ignored/>
  </testcase> <!-- @BeforeTest setup -->
  <testcase classname="pages.browserfactory" name="@BeforeTest setup" time="0.0">
    <ignored/>
  </testcase> <!-- @BeforeTest setup -->
  <testcase classname="pages.browserfactory" name="@BeforeTest setup" time="0.0">
    <ignored/>
  </testcase> <!-- @BeforeTest setup -->
  <testcase classname="pages.browserfactory" name="@BeforeTest setup" time="0.0">
    <ignored/>
  </testcase> <!-- @BeforeTest setup -->
  <testcase classname="pages.browserfactory" name="@BeforeTest setup" time="0.0">
    <ignored/>
  </testcase> <!-- @BeforeTest setup -->
  <testcase classname="pages.browserfactory" name="@BeforeTest setup" time="0.0">
    <ignored/>
  </testcase> <!-- @BeforeTest setup -->
  <testcase classname="pages.browserfactory" name="@BeforeTest setup" time="0.0">
    <ignored/>
  </testcase> <!-- @BeforeTest setup -->
  <testcase classname="pages.browserfactory" name="@BeforeTest setup" time="0.0">
    <ignored/>
  </testcase> <!-- @BeforeTest setup -->
  <testcase classname="Report.ExtentTestNGReportBuilder" name="@BeforeSuite beforeSuite" time="0.0">
    <ignored/>
  </testcase> <!-- @BeforeSuite beforeSuite -->
  <testcase classname="Report.ExtentTestNGReportBuilder" name="@BeforeSuite beforeSuite" time="0.0">
    <ignored/>
  </testcase> <!-- @BeforeSuite beforeSuite -->
  <testcase classname="Report.ExtentTestNGReportBuilder" name="@BeforeSuite beforeSuite" time="0.0">
    <ignored/>
  </testcase> <!-- @BeforeSuite beforeSuite -->
  <testcase classname="Report.ExtentTestNGReportBuilder" name="@BeforeSuite beforeSuite" time="0.0">
    <ignored/>
  </testcase> <!-- @BeforeSuite beforeSuite -->
  <testcase classname="Report.ExtentTestNGReportBuilder" name="@BeforeSuite beforeSuite" time="0.0">
    <ignored/>
  </testcase> <!-- @BeforeSuite beforeSuite -->
  <testcase classname="Report.ExtentTestNGReportBuilder" name="@BeforeSuite beforeSuite" time="0.0">
    <ignored/>
  </testcase> <!-- @BeforeSuite beforeSuite -->
  <testcase classname="Report.ExtentTestNGReportBuilder" name="@BeforeSuite beforeSuite" time="0.0">
    <ignored/>
  </testcase> <!-- @BeforeSuite beforeSuite -->
  <testcase classname="Report.ExtentTestNGReportBuilder" name="@BeforeSuite beforeSuite" time="0.0">
    <ignored/>
  </testcase> <!-- @BeforeSuite beforeSuite -->
  <testcase classname="Report.ExtentTestNGReportBuilder" name="@BeforeSuite beforeSuite" time="0.0">
    <ignored/>
  </testcase> <!-- @BeforeSuite beforeSuite -->
  <testcase classname="Report.ExtentTestNGReportBuilder" name="@BeforeSuite beforeSuite" time="0.0">
    <ignored/>
  </testcase> <!-- @BeforeSuite beforeSuite -->
</testsuite> <!-- Test -->
