<?xml version="1.0" encoding="UTF-8"?>
<testng-results ignored="20" total="31" passed="11" failed="0" skipped="0">
  <reporter-output>
  </reporter-output>
  <suite started-at="2021-06-24T17:44:32 IST" name="Suite" finished-at="2021-06-24T17:46:59 IST" duration-ms="147122">
    <groups>
    </groups>
    <test started-at="2021-06-24T17:44:32 IST" name="Test" finished-at="2021-06-24T17:46:59 IST" duration-ms="147122">
      <class name="pages.usertest">
        <test-method is-config="true" signature="beforeClass()[pri:0, instance:pages.usertest@67f639d3]" started-at="2021-06-24T17:44:53 IST" name="beforeClass" finished-at="2021-06-24T17:44:53 IST" duration-ms="0" status="PASS">
          <reporter-output>
          </reporter-output>
        </test-method> <!-- beforeClass -->
        <test-method is-config="true" signature="beforeMethod(java.lang.reflect.Method)[pri:0, instance:pages.usertest@67f639d3]" started-at="2021-06-24T17:44:53 IST" name="beforeMethod" finished-at="2021-06-24T17:44:53 IST" duration-ms="0" status="PASS">
          <params>
            <param index="0">
              <value>
                <![CDATA[public static void pages.usertest.Login() throws java.lang.InterruptedException]]>
              </value>
            </param>
          </params>
          <reporter-output>
          </reporter-output>
        </test-method> <!-- beforeMethod -->
        <test-method signature="Login()[pri:0, instance:pages.usertest@67f639d3]" started-at="2021-06-24T17:44:53 IST" name="Login" finished-at="2021-06-24T17:45:01 IST" duration-ms="7230" status="PASS">
          <reporter-output>
          </reporter-output>
        </test-method> <!-- Login -->
        <test-method is-config="true" signature="afterMethod(org.testng.ITestResult)[pri:0, instance:pages.usertest@67f639d3]" started-at="2021-06-24T17:45:01 IST" name="afterMethod" finished-at="2021-06-24T17:45:01 IST" duration-ms="260" status="PASS">
          <params>
            <param index="0">
              <value>
                <![CDATA[[TestResult name=Login status=SUCCESS method=usertest.Login()[pri:0, instance:pages.usertest@67f639d3] output={null}]]]>
              </value>
            </param>
          </params>
          <reporter-output>
          </reporter-output>
        </test-method> <!-- afterMethod -->
      </class> <!-- pages.usertest -->
      <class name="pages.structuretest">
        <test-method is-config="true" signature="beforeClass()[pri:0, instance:pages.structuretest@201a4587]" started-at="2021-06-24T17:46:00 IST" name="beforeClass" finished-at="2021-06-24T17:46:00 IST" duration-ms="0" status="PASS">
          <reporter-output>
          </reporter-output>
        </test-method> <!-- beforeClass -->
        <test-method signature="Login()[pri:0, instance:pages.structuretest@201a4587]" started-at="2021-06-24T17:46:00 IST" name="Login" finished-at="2021-06-24T17:46:28 IST" duration-ms="28669" status="PASS">
          <reporter-output>
          </reporter-output>
        </test-method> <!-- Login -->
        <test-method is-config="true" signature="beforeMethod(java.lang.reflect.Method)[pri:0, instance:pages.structuretest@201a4587]" started-at="2021-06-24T17:46:00 IST" name="beforeMethod" finished-at="2021-06-24T17:46:00 IST" duration-ms="0" status="PASS">
          <params>
            <param index="0">
              <value>
                <![CDATA[public static void pages.structuretest.Login() throws java.lang.InterruptedException]]>
              </value>
            </param>
          </params>
          <reporter-output>
          </reporter-output>
        </test-method> <!-- beforeMethod -->
        <test-method is-config="true" signature="afterMethod(org.testng.ITestResult)[pri:0, instance:pages.structuretest@201a4587]" started-at="2021-06-24T17:46:28 IST" name="afterMethod" finished-at="2021-06-24T17:46:29 IST" duration-ms="331" status="PASS">
          <params>
            <param index="0">
              <value>
                <![CDATA[[TestResult name=Login status=SUCCESS method=structuretest.Login()[pri:0, instance:pages.structuretest@201a4587] output={null}]]]>
              </value>
            </param>
          </params>
          <reporter-output>
          </reporter-output>
        </test-method> <!-- afterMethod -->
      </class> <!-- pages.structuretest -->
      <class name="pages.paygradetest">
        <test-method is-config="true" signature="beforeClass()[pri:0, instance:pages.paygradetest@49049a04]" started-at="2021-06-24T17:45:10 IST" name="beforeClass" finished-at="2021-06-24T17:45:10 IST" duration-ms="0" status="PASS">
          <reporter-output>
          </reporter-output>
        </test-method> <!-- beforeClass -->
        <test-method is-config="true" signature="beforeMethod(java.lang.reflect.Method)[pri:0, instance:pages.paygradetest@49049a04]" started-at="2021-06-24T17:45:10 IST" name="beforeMethod" finished-at="2021-06-24T17:45:10 IST" duration-ms="0" status="PASS">
          <params>
            <param index="0">
              <value>
                <![CDATA[public static void pages.paygradetest.Login() throws java.lang.InterruptedException]]>
              </value>
            </param>
          </params>
          <reporter-output>
          </reporter-output>
        </test-method> <!-- beforeMethod -->
        <test-method signature="Login()[pri:0, instance:pages.paygradetest@49049a04]" started-at="2021-06-24T17:45:10 IST" name="Login" finished-at="2021-06-24T17:45:18 IST" duration-ms="8141" status="PASS">
          <reporter-output>
          </reporter-output>
        </test-method> <!-- Login -->
        <test-method is-config="true" signature="afterMethod(org.testng.ITestResult)[pri:0, instance:pages.paygradetest@49049a04]" started-at="2021-06-24T17:45:18 IST" name="afterMethod" finished-at="2021-06-24T17:45:18 IST" duration-ms="249" status="PASS">
          <params>
            <param index="0">
              <value>
                <![CDATA[[TestResult name=Login status=SUCCESS method=paygradetest.Login()[pri:0, instance:pages.paygradetest@49049a04] output={null}]]]>
              </value>
            </param>
          </params>
          <reporter-output>
          </reporter-output>
        </test-method> <!-- afterMethod -->
      </class> <!-- pages.paygradetest -->
      <class name="pages.categoriestest">
        <test-method is-config="true" signature="beforeMethod(java.lang.reflect.Method)[pri:0, instance:pages.categoriestest@27462a88]" started-at="2021-06-24T17:45:27 IST" name="beforeMethod" finished-at="2021-06-24T17:45:27 IST" duration-ms="0" status="PASS">
          <params>
            <param index="0">
              <value>
                <![CDATA[public static void pages.categoriestest.Login() throws java.lang.InterruptedException]]>
              </value>
            </param>
          </params>
          <reporter-output>
          </reporter-output>
        </test-method> <!-- beforeMethod -->
        <test-method signature="Login()[pri:0, instance:pages.categoriestest@27462a88]" started-at="2021-06-24T17:45:27 IST" name="Login" finished-at="2021-06-24T17:45:34 IST" duration-ms="6672" status="PASS">
          <reporter-output>
          </reporter-output>
        </test-method> <!-- Login -->
        <test-method is-config="true" signature="beforeClass()[pri:0, instance:pages.categoriestest@27462a88]" started-at="2021-06-24T17:45:27 IST" name="beforeClass" finished-at="2021-06-24T17:45:27 IST" duration-ms="0" status="PASS">
          <reporter-output>
          </reporter-output>
        </test-method> <!-- beforeClass -->
        <test-method is-config="true" signature="afterMethod(org.testng.ITestResult)[pri:0, instance:pages.categoriestest@27462a88]" started-at="2021-06-24T17:45:34 IST" name="afterMethod" finished-at="2021-06-24T17:45:34 IST" duration-ms="259" status="PASS">
          <params>
            <param index="0">
              <value>
                <![CDATA[[TestResult name=Login status=SUCCESS method=categoriestest.Login()[pri:0, instance:pages.categoriestest@27462a88] output={null}]]]>
              </value>
            </param>
          </params>
          <reporter-output>
          </reporter-output>
        </test-method> <!-- afterMethod -->
      </class> <!-- pages.categoriestest -->
      <class name="pages.logintestcase">
        <test-method is-config="true" signature="beforeSuite()[pri:0, instance:pages.logintestcase@550dbc7a]" started-at="2021-06-24T17:44:32 IST" name="beforeSuite" finished-at="2021-06-24T17:44:32 IST" duration-ms="132" status="PASS">
          <reporter-output>
          </reporter-output>
        </test-method> <!-- beforeSuite -->
        <test-method is-config="true" signature="setup(java.lang.String)[pri:0, instance:pages.logintestcase@550dbc7a]" started-at="2021-06-24T17:44:32 IST" name="setup" finished-at="2021-06-24T17:44:43 IST" duration-ms="11555" status="PASS">
          <params>
            <param index="0">
              <value>
                <![CDATA[Chrome]]>
              </value>
            </param>
          </params>
          <reporter-output>
          </reporter-output>
        </test-method> <!-- setup -->
        <test-method is-config="true" signature="beforeClass()[pri:0, instance:pages.logintestcase@550dbc7a]" started-at="2021-06-24T17:44:43 IST" name="beforeClass" finished-at="2021-06-24T17:44:43 IST" duration-ms="9" status="PASS">
          <reporter-output>
          </reporter-output>
        </test-method> <!-- beforeClass -->
        <test-method is-config="true" signature="beforeMethod(java.lang.reflect.Method)[pri:0, instance:pages.logintestcase@550dbc7a]" started-at="2021-06-24T17:44:43 IST" name="beforeMethod" finished-at="2021-06-24T17:44:43 IST" duration-ms="4" status="PASS">
          <params>
            <param index="0">
              <value>
                <![CDATA[public static void pages.logintestcase.Login()]]>
              </value>
            </param>
          </params>
          <reporter-output>
          </reporter-output>
        </test-method> <!-- beforeMethod -->
        <test-method signature="Login()[pri:0, instance:pages.logintestcase@550dbc7a]" started-at="2021-06-24T17:44:43 IST" name="Login" finished-at="2021-06-24T17:44:49 IST" duration-ms="5375" status="PASS">
          <reporter-output>
          </reporter-output>
        </test-method> <!-- Login -->
        <test-method is-config="true" signature="afterMethod(org.testng.ITestResult)[pri:0, instance:pages.logintestcase@550dbc7a]" started-at="2021-06-24T17:44:49 IST" name="afterMethod" finished-at="2021-06-24T17:44:49 IST" duration-ms="625" status="PASS">
          <params>
            <param index="0">
              <value>
                <![CDATA[[TestResult name=Login status=SUCCESS method=logintestcase.Login()[pri:0, instance:pages.logintestcase@550dbc7a] output={null}]]]>
              </value>
            </param>
          </params>
          <reporter-output>
          </reporter-output>
        </test-method> <!-- afterMethod -->
      </class> <!-- pages.logintestcase -->
      <class name="pages.Admintest">
        <test-method is-config="true" signature="beforeMethod(java.lang.reflect.Method)[pri:0, instance:pages.Admintest@290222c1]" started-at="2021-06-24T17:44:49 IST" name="beforeMethod" finished-at="2021-06-24T17:44:49 IST" duration-ms="1" status="PASS">
          <params>
            <param index="0">
              <value>
                <![CDATA[public static void pages.Admintest.Login() throws java.lang.InterruptedException]]>
              </value>
            </param>
          </params>
          <reporter-output>
          </reporter-output>
        </test-method> <!-- beforeMethod -->
        <test-method is-config="true" signature="beforeClass()[pri:0, instance:pages.Admintest@290222c1]" started-at="2021-06-24T17:44:49 IST" name="beforeClass" finished-at="2021-06-24T17:44:49 IST" duration-ms="0" status="PASS">
          <reporter-output>
          </reporter-output>
        </test-method> <!-- beforeClass -->
        <test-method signature="Login()[pri:0, instance:pages.Admintest@290222c1]" started-at="2021-06-24T17:44:49 IST" name="Login" finished-at="2021-06-24T17:44:53 IST" duration-ms="3732" status="PASS">
          <reporter-output>
          </reporter-output>
        </test-method> <!-- Login -->
        <test-method is-config="true" signature="afterMethod(org.testng.ITestResult)[pri:0, instance:pages.Admintest@290222c1]" started-at="2021-06-24T17:44:53 IST" name="afterMethod" finished-at="2021-06-24T17:44:53 IST" duration-ms="261" status="PASS">
          <params>
            <param index="0">
              <value>
                <![CDATA[[TestResult name=Login status=SUCCESS method=Admintest.Login()[pri:0, instance:pages.Admintest@290222c1] output={null}]]]>
              </value>
            </param>
          </params>
          <reporter-output>
          </reporter-output>
        </test-method> <!-- afterMethod -->
      </class> <!-- pages.Admintest -->
      <class name="pages.workshiftest">
        <test-method is-config="true" signature="beforeClass()[pri:0, instance:pages.workshiftest@51e69659]" started-at="2021-06-24T17:45:34 IST" name="beforeClass" finished-at="2021-06-24T17:45:34 IST" duration-ms="0" status="PASS">
          <reporter-output>
          </reporter-output>
        </test-method> <!-- beforeClass -->
        <test-method signature="Login()[pri:0, instance:pages.workshiftest@51e69659]" started-at="2021-06-24T17:45:34 IST" name="Login" finished-at="2021-06-24T17:45:41 IST" duration-ms="7601" status="PASS">
          <reporter-output>
          </reporter-output>
        </test-method> <!-- Login -->
        <test-method is-config="true" signature="beforeMethod(java.lang.reflect.Method)[pri:0, instance:pages.workshiftest@51e69659]" started-at="2021-06-24T17:45:34 IST" name="beforeMethod" finished-at="2021-06-24T17:45:34 IST" duration-ms="0" status="PASS">
          <params>
            <param index="0">
              <value>
                <![CDATA[public static void pages.workshiftest.Login() throws java.lang.InterruptedException]]>
              </value>
            </param>
          </params>
          <reporter-output>
          </reporter-output>
        </test-method> <!-- beforeMethod -->
        <test-method is-config="true" signature="afterMethod(org.testng.ITestResult)[pri:0, instance:pages.workshiftest@51e69659]" started-at="2021-06-24T17:45:41 IST" name="afterMethod" finished-at="2021-06-24T17:45:42 IST" duration-ms="256" status="PASS">
          <params>
            <param index="0">
              <value>
                <![CDATA[[TestResult name=Login status=SUCCESS method=workshiftest.Login()[pri:0, instance:pages.workshiftest@51e69659] output={null}]]]>
              </value>
            </param>
          </params>
          <reporter-output>
          </reporter-output>
        </test-method> <!-- afterMethod -->
      </class> <!-- pages.workshiftest -->
      <class name="pages.quantificationtest">
        <test-method is-config="true" signature="beforeMethod(java.lang.reflect.Method)[pri:0, instance:pages.quantificationtest@61001b64]" started-at="2021-06-24T17:46:29 IST" name="beforeMethod" finished-at="2021-06-24T17:46:29 IST" duration-ms="0" status="PASS">
          <params>
            <param index="0">
              <value>
                <![CDATA[public static void pages.quantificationtest.Login() throws java.lang.InterruptedException]]>
              </value>
            </param>
          </params>
          <reporter-output>
          </reporter-output>
        </test-method> <!-- beforeMethod -->
        <test-method is-config="true" signature="beforeClass()[pri:0, instance:pages.quantificationtest@61001b64]" started-at="2021-06-24T17:46:29 IST" name="beforeClass" finished-at="2021-06-24T17:46:29 IST" duration-ms="0" status="PASS">
          <reporter-output>
          </reporter-output>
        </test-method> <!-- beforeClass -->
        <test-method signature="Login()[pri:0, instance:pages.quantificationtest@61001b64]" started-at="2021-06-24T17:46:29 IST" name="Login" finished-at="2021-06-24T17:46:47 IST" duration-ms="18032" status="PASS">
          <reporter-output>
          </reporter-output>
        </test-method> <!-- Login -->
        <test-method is-config="true" signature="afterMethod(org.testng.ITestResult)[pri:0, instance:pages.quantificationtest@61001b64]" started-at="2021-06-24T17:46:47 IST" name="afterMethod" finished-at="2021-06-24T17:46:59 IST" duration-ms="12235" status="PASS">
          <params>
            <param index="0">
              <value>
                <![CDATA[[TestResult name=Login status=SUCCESS method=quantificationtest.Login()[pri:0, instance:pages.quantificationtest@61001b64] output={null}]]]>
              </value>
            </param>
          </params>
          <reporter-output>
          </reporter-output>
        </test-method> <!-- afterMethod -->
      </class> <!-- pages.quantificationtest -->
      <class name="pages.employtest">
        <test-method is-config="true" signature="beforeMethod(java.lang.reflect.Method)[pri:0, instance:pages.employtest@71a8adcf]" started-at="2021-06-24T17:45:18 IST" name="beforeMethod" finished-at="2021-06-24T17:45:18 IST" duration-ms="0" status="PASS">
          <params>
            <param index="0">
              <value>
                <![CDATA[public static void pages.employtest.Login() throws java.lang.InterruptedException]]>
              </value>
            </param>
          </params>
          <reporter-output>
          </reporter-output>
        </test-method> <!-- beforeMethod -->
        <test-method is-config="true" signature="beforeClass()[pri:0, instance:pages.employtest@71a8adcf]" started-at="2021-06-24T17:45:18 IST" name="beforeClass" finished-at="2021-06-24T17:45:18 IST" duration-ms="0" status="PASS">
          <reporter-output>
          </reporter-output>
        </test-method> <!-- beforeClass -->
        <test-method signature="Login()[pri:0, instance:pages.employtest@71a8adcf]" started-at="2021-06-24T17:45:18 IST" name="Login" finished-at="2021-06-24T17:45:27 IST" duration-ms="8538" status="PASS">
          <reporter-output>
          </reporter-output>
        </test-method> <!-- Login -->
        <test-method is-config="true" signature="afterMethod(org.testng.ITestResult)[pri:0, instance:pages.employtest@71a8adcf]" started-at="2021-06-24T17:45:27 IST" name="afterMethod" finished-at="2021-06-24T17:45:27 IST" duration-ms="242" status="PASS">
          <params>
            <param index="0">
              <value>
                <![CDATA[[TestResult name=Login status=SUCCESS method=employtest.Login()[pri:0, instance:pages.employtest@71a8adcf] output={null}]]]>
              </value>
            </param>
          </params>
          <reporter-output>
          </reporter-output>
        </test-method> <!-- afterMethod -->
      </class> <!-- pages.employtest -->
      <class name="pages.jobtitletestcase">
        <test-method is-config="true" signature="beforeClass()[pri:0, instance:pages.jobtitletestcase@6253c26]" started-at="2021-06-24T17:45:01 IST" name="beforeClass" finished-at="2021-06-24T17:45:01 IST" duration-ms="0" status="PASS">
          <reporter-output>
          </reporter-output>
        </test-method> <!-- beforeClass -->
        <test-method signature="Login()[pri:0, instance:pages.jobtitletestcase@6253c26]" started-at="2021-06-24T17:45:01 IST" name="Login" finished-at="2021-06-24T17:45:09 IST" duration-ms="8600" status="PASS">
          <reporter-output>
          </reporter-output>
        </test-method> <!-- Login -->
        <test-method is-config="true" signature="beforeMethod(java.lang.reflect.Method)[pri:0, instance:pages.jobtitletestcase@6253c26]" started-at="2021-06-24T17:45:01 IST" name="beforeMethod" finished-at="2021-06-24T17:45:01 IST" duration-ms="0" status="PASS">
          <params>
            <param index="0">
              <value>
                <![CDATA[public static void pages.jobtitletestcase.Login() throws java.lang.InterruptedException]]>
              </value>
            </param>
          </params>
          <reporter-output>
          </reporter-output>
        </test-method> <!-- beforeMethod -->
        <test-method is-config="true" signature="afterMethod(org.testng.ITestResult)[pri:0, instance:pages.jobtitletestcase@6253c26]" started-at="2021-06-24T17:45:09 IST" name="afterMethod" finished-at="2021-06-24T17:45:10 IST" duration-ms="248" status="PASS">
          <params>
            <param index="0">
              <value>
                <![CDATA[[TestResult name=Login status=SUCCESS method=jobtitletestcase.Login()[pri:0, instance:pages.jobtitletestcase@6253c26] output={null}]]]>
              </value>
            </param>
          </params>
          <reporter-output>
          </reporter-output>
        </test-method> <!-- afterMethod -->
      </class> <!-- pages.jobtitletestcase -->
      <class name="pages.organizationtest">
        <test-method is-config="true" signature="beforeMethod(java.lang.reflect.Method)[pri:0, instance:pages.organizationtest@47e2e487]" started-at="2021-06-24T17:45:42 IST" name="beforeMethod" finished-at="2021-06-24T17:45:42 IST" duration-ms="1" status="PASS">
          <params>
            <param index="0">
              <value>
                <![CDATA[public static void pages.organizationtest.Login() throws java.lang.InterruptedException]]>
              </value>
            </param>
          </params>
          <reporter-output>
          </reporter-output>
        </test-method> <!-- beforeMethod -->
        <test-method is-config="true" signature="beforeClass()[pri:0, instance:pages.organizationtest@47e2e487]" started-at="2021-06-24T17:45:42 IST" name="beforeClass" finished-at="2021-06-24T17:45:42 IST" duration-ms="0" status="PASS">
          <reporter-output>
          </reporter-output>
        </test-method> <!-- beforeClass -->
        <test-method signature="Login()[pri:0, instance:pages.organizationtest@47e2e487]" started-at="2021-06-24T17:45:42 IST" name="Login" finished-at="2021-06-24T17:45:59 IST" duration-ms="17617" status="PASS">
          <reporter-output>
          </reporter-output>
        </test-method> <!-- Login -->
        <test-method is-config="true" signature="afterMethod(org.testng.ITestResult)[pri:0, instance:pages.organizationtest@47e2e487]" started-at="2021-06-24T17:45:59 IST" name="afterMethod" finished-at="2021-06-24T17:46:00 IST" duration-ms="278" status="PASS">
          <params>
            <param index="0">
              <value>
                <![CDATA[[TestResult name=Login status=SUCCESS method=organizationtest.Login()[pri:0, instance:pages.organizationtest@47e2e487] output={null}]]]>
              </value>
            </param>
          </params>
          <reporter-output>
          </reporter-output>
        </test-method> <!-- afterMethod -->
      </class> <!-- pages.organizationtest -->
    </test> <!-- Test -->
  </suite> <!-- Suite -->
</testng-results>
